2021-09-11 00:38:26.537  INFO 10424 --- [main] c.o.springtest.SpringTestApplication     : Starting SpringTestApplication using Java 1.8.0_261 on DESKTOP-5VLC0SB with PID 10424 (C:\workspace\SpringTest\target\classes started by sakam in C:\workspace\SpringTest)
2021-09-11 00:38:26.543  INFO 10424 --- [main] c.o.springtest.SpringTestApplication     : No active profile set, falling back to default profiles: default
2021-09-11 00:38:28.551  INFO 10424 --- [main] o.s.b.w.embedded.tomcat.TomcatWebServer  : Tomcat initialized with port(s): 8080 (http)
2021-09-11 00:38:28.560  INFO 10424 --- [main] o.apache.catalina.core.StandardService   : Starting service [Tomcat]
2021-09-11 00:38:28.560  INFO 10424 --- [main] org.apache.catalina.core.StandardEngine  : Starting Servlet engine: [Apache Tomcat/9.0.44]
2021-09-11 00:38:28.563  INFO 10424 --- [main] o.a.catalina.core.AprLifecycleListener   : Loaded Apache Tomcat Native library [1.2.25] using APR version [1.7.0].
2021-09-11 00:38:28.563  INFO 10424 --- [main] o.a.catalina.core.AprLifecycleListener   : APR capabilities: IPv6 [true], sendfile [true], accept filters [false], random [true].
2021-09-11 00:38:28.563  INFO 10424 --- [main] o.a.catalina.core.AprLifecycleListener   : APR/OpenSSL configuration: useAprConnector [false], useOpenSSL [true]
2021-09-11 00:38:28.567  INFO 10424 --- [main] o.a.catalina.core.AprLifecycleListener   : OpenSSL successfully initialized [OpenSSL 1.1.1g  21 Apr 2020]
2021-09-11 00:38:28.656  INFO 10424 --- [main] o.a.c.c.C.[Tomcat].[localhost].[/]       : Initializing Spring embedded WebApplicationContext
2021-09-11 00:38:28.657  INFO 10424 --- [main] w.s.c.ServletWebServerApplicationContext : Root WebApplicationContext: initialization completed in 1904 ms
2021-09-11 00:38:29.122  INFO 10424 --- [main] o.s.s.concurrent.ThreadPoolTaskExecutor  : Initializing ExecutorService 'applicationTaskExecutor'
2021-09-11 00:38:29.220  INFO 10424 --- [main] o.s.b.a.w.s.WelcomePageHandlerMapping    : Adding welcome page template: index
2021-09-11 00:38:29.444  INFO 10424 --- [main] o.s.b.w.embedded.tomcat.TomcatWebServer  : Tomcat started on port(s): 8080 (http) with context path ''
2021-09-11 00:38:29.451  INFO 10424 --- [main] c.o.springtest.SpringTestApplication     : Started SpringTestApplication in 3.265 seconds (JVM running for 4.224)
2021-09-11 00:38:39.549  INFO 10424 --- [http-nio-8080-exec-1] o.a.c.c.C.[Tomcat].[localhost].[/]       : Initializing Spring DispatcherServlet 'dispatcherServlet'
2021-09-11 00:38:39.550  INFO 10424 --- [http-nio-8080-exec-1] o.s.web.servlet.DispatcherServlet        : Initializing Servlet 'dispatcherServlet'
2021-09-11 00:38:39.551  INFO 10424 --- [http-nio-8080-exec-1] o.s.web.servlet.DispatcherServlet        : Completed initialization in 1 ms
2021-09-11 00:38:39.572  INFO 10424 --- [http-nio-8080-exec-1] com.zaxxer.hikari.HikariDataSource       : HikariPool-1 - Starting...
2021-09-11 00:38:39.687  INFO 10424 --- [http-nio-8080-exec-1] com.zaxxer.hikari.HikariDataSource       : HikariPool-1 - Start completed.
